# project redsvd (0.2.0) configured on Thu May  9 02:06:04 2013 by
# waf 1.5.18 (abi 7, python 20701f0 on darwin)
# using ./waf configure
#

----------------------------------------
Checking for program g++ or c++
  find program=['g++', 'c++'] paths=[] var='CXX'
  -> '/usr/bin/g++'

----------------------------------------
Checking for program cpp
  find program=['cpp'] paths=[] var='CPP'
  -> '/usr/bin/cpp'

----------------------------------------
Checking for program ar
  find program=['ar'] paths=[] var='AR'
  -> '/usr/bin/ar'

----------------------------------------
Checking for program ranlib
  find program=['ranlib'] paths=[] var='RANLIB'
  -> '/usr/bin/ranlib'

----------------------------------------
Checking for g++ 
ok 

----------------------------------------
Checking for gtest-config
gtest-config --cppflags --cxxflags --ldflags --libs 
/bin/sh: gtest-config: command not found
not found

----------------------------------------
Checking for eigen3
pkg-config --errors-to-stdout --print-errors  eigen3
yes
